C51 COMPILER V9.52.0.0   INIT                                                              05/06/2015 10:33:43 PAGE 1   


C51 COMPILER V9.52.0.0, COMPILATION OF MODULE INIT
OBJECT MODULE PLACED IN .\init.obj
COMPILER INVOKED BY: D:\Keil\C51\BIN\C51.EXE ..\08年12.14有开关量版本\init.c BROWSE DEBUG OBJECTEXTEND PRINT(.\init.lst)
                    - OBJECT(.\init.obj)

line level    source

   1          #include"SST89x5x4.h"
   2          #include "main.h"
   3          #include "key.h"
   4          #include "X5045.h"
   5          #include "init.h"
   6          #include "motor.h"
   7          sfr16 Timer0 = 0x8C;
   8          unsigned int uiSet_Value = B_VALUE;
   9          bit bFisrt_Init = FALSE;
  10          
  11          
  12          /***
  13            * 功能：
  14                  定时器0初始化
  15            * 参数：
  16                  无
  17            * 返回：
  18                  无
  19            * 备注：
  20          ***/
  21          void Timer0_init(void)
  22          {       
  23   1              TMOD = 0x01;                    //T0定时器工作在方式1
  24   1      
  25   1              Timer0 = RELOAD_VALUE;          //10ms溢出
  26   1              TF0 = 0;                 
  27   1          TR0 = 1;                    //start up the timer0
  28   1      }
  29          
  30          
  31          /***
  32            * 功能：
  33                  串口初始化
  34            * 参数：
  35                  无
  36            * 返回：
  37                  无
  38            * 备注：
  39          ***/
  40          void uart_init(void)
  41          {       
  42   1              TMOD |= 0x20;                   //T1定时器工作在方式1
  43   1              TH1 = 0xfd;                                     //9600
  44   1              TL1 = 0xfd;
  45   1              SCON = 0x50;
  46   1              PCON &= 0x7f;
  47   1              TR1 = 1;
  48   1      }
  49          
  50          
  51          /***
  52            * 功能：
  53                  I/O口初始化
  54            * 参数：
C51 COMPILER V9.52.0.0   INIT                                                              05/06/2015 10:33:43 PAGE 2   

  55                  无
  56            * 返回：
  57                  无
  58            * 备注：
  59          ***/
  60          void port_init(void)
  61          {       
  62   1              
  63   1      }
  64          
  65          
  66          /***
  67            * 功能：
  68                  中断使能
  69            * 参数：
  70                  无
  71            * 返回：
  72                  无
  73            * 备注：
  74          ***/
  75          void interrupt_init(void)
  76          {       
  77   1              ET0 = 1;   //enable timer0 interrupt
  78   1              ES = 1;    //enable uart interrupt
  79   1              EA = 1;    //enable overall interrupt
  80   1      }
  81          
  82          
  83          /***
  84            * 功能：
  85                  初始化函数
  86            * 参数：
  87                  无
  88            * 返回：
  89                  无
  90            * 备注：
  91          ***/
  92          void init(void)
  93          {       
  94   1              unsigned char temp = 0;
  95   1              
  96   1              WDT &= 0x7f;
  97   1          WDT |= 0xdf;
  98   1              FALL = OFF;
  99   1              RISE = OFF;
 100   1              BACK = OFF;
 101   1              AHEAD = OFF;
 102   1              EA = 0;
 103   1              
 104   1              while((!L1)&&(L3))
 105   1          {
 106   2                      //AHEAD = ON;
 107   2                      if(temp < 3)
 108   2                      {
 109   3                              BUZZ = ON;
 110   3                              delay_ms(50);
 111   3                              BUZZ = OFF;
 112   3                              delay_ms(50);
 113   3                              temp++;
 114   3                      }
 115   2                      RstWDT();
 116   2                      WDT_CLR();
C51 COMPILER V9.52.0.0   INIT                                                              05/06/2015 10:33:43 PAGE 3   

 117   2                      if(temp == 3)
 118   2                      {
 119   3                              if((!S1)&&(!S2))
 120   3                              {
 121   4                                      FALL = OFF;
 122   4                                      RISE = ON;              
 123   4                              }
 124   3                              else
 125   3                              {
 126   4                                      FALL = OFF;
 127   4                                      RISE = OFF;
 128   4                              }
 129   3                              if((!S3)&&(!S2))
 130   3                              {
 131   4                                      BACK = OFF;
 132   4                                      AHEAD = ON;     
 133   4                              }
 134   3                              else
 135   3                              {
 136   4                                      BACK = OFF;
 137   4                                      AHEAD = OFF;
 138   4                              }
 139   3                      }
 140   2              }
 141   1      
 142   1              FALL = OFF;
 143   1              RISE = OFF;
 144   1              BACK = OFF;
 145   1              AHEAD = OFF; 
 146   1              if(temp == 3)
 147   1              {
 148   2                      BUZZ = ON;
 149   2                      delay_ms(100);
 150   2                      BUZZ = OFF;
 151   2                      while(1)
 152   2                      {
 153   3                              RstWDT();
 154   3                              WDT_CLR();
 155   3                      }
 156   2              }
 157   1              //reset back or forward motor to zero
 158   1              temp = RdB5045(SET_ADDR);
 159   1              if(temp ==SET_TRUE)
 160   1              {
 161   2                      WDT_CLR();
 162   2                      RstWDT();
 163   2                      uiSet_Value = RdB5045(SET_ADDR_L);
 164   2                      WDT_CLR();
 165   2                      RstWDT();
 166   2                      uiSet_Value += (unsigned int)(RdB5045(SET_ADDR_H))<<8;  
 167   2              }
 168   1              
 169   1              WDT_CLR();
 170   1              RstWDT();
 171   1              Timer0_init();
 172   1              uart_init();
 173   1              WDT_CLR();
 174   1              RstWDT();
 175   1              interrupt_init();
 176   1              
 177   1              if(L3)
 178   1              {
C51 COMPILER V9.52.0.0   INIT                                                              05/06/2015 10:33:43 PAGE 4   

 179   2                      bFisrt_Init = TRUE;
 180   2              }
 181   1      }


MODULE INFORMATION:   STATIC OVERLAYABLE
   CODE SIZE        =    248    ----
   CONSTANT SIZE    =   ----    ----
   XDATA SIZE       =   ----    ----
   PDATA SIZE       =   ----    ----
   DATA SIZE        =      2       1
   IDATA SIZE       =   ----    ----
   BIT SIZE         =      1    ----
END OF MODULE INFORMATION.


C51 COMPILATION COMPLETE.  0 WARNING(S),  0 ERROR(S)
