C51 COMPILER V9.52.0.0   MAIN                                                              05/06/2015 10:33:43 PAGE 1   


C51 COMPILER V9.52.0.0, COMPILATION OF MODULE MAIN
OBJECT MODULE PLACED IN .\main.obj
COMPILER INVOKED BY: D:\Keil\C51\BIN\C51.EXE ..\08年12.14有开关量版本\main.c BROWSE DEBUG OBJECTEXTEND PRINT(.\main.lst)
                    - OBJECT(.\main.obj)

line level    source

   1          #include"SST89x5x4.h"
   2          #include "main.h"
   3          #include "key.h"
   4          #include "init.h"
   5          #include "X5045.h"
   6          #include "motor.h"
   7          #include "uart485.h"
   8          sbit OUT_CTRL = P3^7;
   9          
  10          bit bC6_CTRL = 1;
  11          unsigned char ucKey_Status = 0x00;
  12          
  13          //---------------------------------------------
  14          //主函数
  15          //---------------------------------------------
  16          
  17          
  18          void main(void)
  19          {
  20   1              unsigned char temp = 0;
  21   1              unsigned char temp1 = 0x00;
  22   1              unsigned int i = 0;
  23   1      
  24   1              init();
  25   1              
  26   1              while(1)
  27   1              {
  28   2                      if(S3&&!L3)
  29   2                      {
  30   3                              ucSwitch_Mode = 0x55;         //上升下降模式
  31   3                      }
  32   2                      
  33   2                      if((I1)&&(I2))
  34   2                      {
  35   3                              if(ucSwitch_Mode == 0x55)      //按键功能使能
  36   3                              {
  37   4                                      WDT_CLR();
  38   4                                      RstWDT();
  39   4                                      GetKey_Status();
  40   4                                      if(!bMotor_Reverse)
  41   4                                      {
  42   5                                              switch(ucKey_Status)
  43   5                                              {
  44   6                                                      case 0x01: 
  45   6                                                              motor_rise();
  46   6                                                              ucMsg = 0x00;
  47   6                                                              break;
  48   6                                                      case 0x02: 
  49   6                                                              motor_close();
  50   6                                                              ucMsg = 0x00;
  51   6                                                              break;
  52   6                                                      case 0x03: 
  53   6                                                              motor_fall();
  54   6                                                              ucMsg = 0x00;
C51 COMPILER V9.52.0.0   MAIN                                                              05/06/2015 10:33:43 PAGE 2   

  55   6                                                              break;
  56   6                                                      case 0x05: 
  57   6                                                              break;
  58   6                                                      case 0x00: 
  59   6                                                              RstWDT();
  60   6                                                              WDT_CLR();
  61   6                                                              break;
  62   6                                                      default: 
  63   6                                                              break;
  64   6                                              }
  65   5                                      }
  66   4                              }
  67   3      
  68   3                              if(ucKey_Status == 0x04)
  69   3                              {
  70   4                                      ucKey_Status = 0x00;
  71   4                                      motor_close();
  72   4                              }
  73   3                      }
  74   2                      
  75   2                      WDT_CLR();
  76   2                      RstWDT();
  77   2                      Data_Strore();
  78   2              }
  79   1      }


MODULE INFORMATION:   STATIC OVERLAYABLE
   CODE SIZE        =    106    ----
   CONSTANT SIZE    =   ----    ----
   XDATA SIZE       =   ----    ----
   PDATA SIZE       =   ----    ----
   DATA SIZE        =      1       4
   IDATA SIZE       =   ----    ----
   BIT SIZE         =      1    ----
END OF MODULE INFORMATION.


C51 COMPILATION COMPLETE.  0 WARNING(S),  0 ERROR(S)
