C51 COMPILER V7.50   INIT                                                                  12/15/2008 12:20:02 PAGE 1   


C51 COMPILER V7.50, COMPILATION OF MODULE INIT
OBJECT MODULE PLACED IN init.OBJ
COMPILER INVOKED BY: C:\Keil\C51\BIN\C51.EXE init.c BROWSE DEBUG OBJECTEXTEND

line level    source

   1          #include"SST89x5x4.h"
   2          #include "main.h"
   3          #include "key.h"
   4          #include "X5045.h"
   5          #include "init.h"
   6          #include "motor.h"
   7          sfr16 Timer0 = 0x8C;
   8          unsigned int uiSet_Value = B_VALUE;
   9          bit bFisrt_Init = FALSE;
  10          //--------------------------------------
  11          //
  12          //--------------------------------------
  13          void Timer0_init(void)
  14          {       
  15   1              TMOD = 0x01;             //T0定时器工作在方式1
  16   1      
  17   1              Timer0 = RELOAD_VALUE;          //10ms溢出
  18   1              TF0 = 0;                 
  19   1          TR0 = 1;                 //start up the timer0
  20   1      }
  21          //--------------------------------------
  22          //
  23          //--------------------------------------
  24          void uart_init(void)
  25          {       
  26   1              TMOD |= 0x20;             //T0定时器工作在方式1
  27   1              TH1 = 0xfd;
  28   1              TL1 = 0xfd;
  29   1      
  30   1              SCON = 0x50;
  31   1              PCON &= 0x7f;
  32   1              TR1 = 1;
  33   1      }
  34          //--------------------------------------
  35          //
  36          //--------------------------------------
  37          /*void uart_init(void)
  38          {       
  39                  TMOD |= 0x20;    //timer1 auto reload mode
  40                  TH1 = 0xfd;      //9600boadrate
  41                  TL1 = 0xfd;      
  42                  SCON = 0x50;    //receiver enable,uart in mode 1
  43                  TR1 = 1;
  44                  //RstWDT();
  45          }*/
  46          //--------------------------------------
  47          //
  48          //--------------------------------------
  49          void port_init(void)
  50          {       
  51   1              
  52   1      }
  53          //--------------------------------------
  54          //
  55          //--------------------------------------
C51 COMPILER V7.50   INIT                                                                  12/15/2008 12:20:02 PAGE 2   

  56          void interrupt_init(void)
  57          {       
  58   1              ET0 = 1;   //enable timer0 interrupt
  59   1              ES = 1;    //enable uart interrupt
  60   1              EA = 1;    //enable overall interrupt
  61   1      }
  62          //--------------------------------------
  63          //
  64          //--------------------------------------
  65          void init(void)
  66          {       
  67   1              unsigned char temp = 0;
  68   1              WDT &= 0x7f;
  69   1          WDT |= 0xdf;
  70   1              FALL = OFF;
  71   1              RISE = OFF;
  72   1              BACK = OFF;
  73   1              AHEAD = OFF;
  74   1              EA = 0;
  75   1              while((!L1)&&(L3))
  76   1          {
  77   2                      //AHEAD = ON;
  78   2                      if(temp < 3)
  79   2                      {
  80   3                              BUZZ = ON;
  81   3                              delay_ms(50);
  82   3                              BUZZ = OFF;
  83   3                              delay_ms(50);
  84   3                              temp++;
  85   3                      }
  86   2                      RstWDT();
  87   2                      WDT_CLR();
  88   2                      if(temp == 3)
  89   2                      {
  90   3                              if((!S1)&&(!S2))
  91   3                              {
  92   4                                      FALL = OFF;
  93   4                                      RISE = ON;              
  94   4                              }
  95   3                              else
  96   3                              {
  97   4                                      FALL = OFF;
  98   4                                      RISE = OFF;
  99   4                              }
 100   3                              if((!S3)&&(!S2))
 101   3                              {
 102   4                                      BACK = OFF;
 103   4                                      AHEAD = ON;     
 104   4                              }
 105   3                              else
 106   3                              {
 107   4                                      BACK = OFF;
 108   4                                      AHEAD = OFF;
 109   4                              }
 110   3                      }
 111   2              }
 112   1      
 113   1              FALL = OFF;
 114   1              RISE = OFF;
 115   1              BACK = OFF;
 116   1              AHEAD = OFF; 
 117   1              if(temp == 3)
C51 COMPILER V7.50   INIT                                                                  12/15/2008 12:20:02 PAGE 3   

 118   1              {
 119   2                      BUZZ = ON;
 120   2                      delay_ms(100);
 121   2                      BUZZ = OFF;
 122   2                      while(1)
 123   2                      {
 124   3                              RstWDT();
 125   3                              WDT_CLR();
 126   3                      }
 127   2              }
 128   1              //reset back or forward motor to zero
 129   1              temp = RdB5045(SET_ADDR);
 130   1              if(temp ==SET_TRUE)
 131   1              {
 132   2                      WDT_CLR();
 133   2                      RstWDT();
 134   2                      uiSet_Value = RdB5045(SET_ADDR_L);
 135   2                      WDT_CLR();
 136   2                      RstWDT();
 137   2                      uiSet_Value += (unsigned int)(RdB5045(SET_ADDR_H))<<8;  
 138   2              }
 139   1              WDT_CLR();
 140   1              RstWDT();
 141   1              Timer0_init();
 142   1              uart_init();
 143   1              WDT_CLR();
 144   1              RstWDT();
 145   1              interrupt_init();
 146   1              if(L3)
 147   1              {
 148   2                      bFisrt_Init = TRUE;
 149   2              }
 150   1              /*while(L3)
 151   1              {
 152   1                      RstWDT();
 153   1                      WDT_CLR();
 154   1                      AHEAD = S3;
 155   1              }*/
 156   1              //EA = 1;
 157   1              //RstWDT();
 158   1      }


MODULE INFORMATION:   STATIC OVERLAYABLE
   CODE SIZE        =    248    ----
   CONSTANT SIZE    =   ----    ----
   XDATA SIZE       =   ----    ----
   PDATA SIZE       =   ----    ----
   DATA SIZE        =      2       1
   IDATA SIZE       =   ----    ----
   BIT SIZE         =      1    ----
END OF MODULE INFORMATION.


C51 COMPILATION COMPLETE.  0 WARNING(S),  0 ERROR(S)
