C51 COMPILER V7.50   INTERRUPT                                                             12/15/2008 12:20:03 PAGE 1   


C51 COMPILER V7.50, COMPILATION OF MODULE INTERRUPT
OBJECT MODULE PLACED IN interrupt.OBJ
COMPILER INVOKED BY: C:\Keil\C51\BIN\C51.EXE interrupt.c BROWSE DEBUG OBJECTEXTEND

line level    source

   1          #include"SST89x5x4.h"
   2          #include "main.h"
   3          #include "init.h"
   4          #include "motor.h"
   5          #include "key.h"
   6          #include "X5045.h"
   7          #include "uart485.h"
   8          static unsigned char ucBuzz_Delay = BUZZ_TIMER;
   9          static unsigned char ucMotor_Delay = 0x00;
  10          unsigned int uiBack_Delay = 0x00;
  11          unsigned int uiBack_Delay_Buff = 0x00;
  12          static unsigned char ucStore_Warn = 0x00;
  13          static unsigned int uiStore_Buff = 0x00;
  14          static unsigned char ucBuzzCount = 0x03;
  15          unsigned char ucSwitch_Mode = 0x55;          //init mode,the motor can't auto moving
  16          unsigned char ucMotor_RuningMode = 0x55;      //lift motor runing ,0xaa,back ahead motor runing
  17          bit bBuzz_On = FALSE; 
  18          bit bMotor_Reverse = FALSE;
  19          bit bMotor_Run = FALSE;
  20          bit bBack_Enable = TRUE;              //back motor run enable
  21          bit bMotor1_ON = FALSE;
  22          bit bJump_Lock = TRUE;
  23          
  24          unsigned char ucC6_Enable = 0x55;
  25          //----------------------------------------
  26          //
  27          //----------------------------------------
  28          void Buzz_On (unsigned char count)
  29          {
  30   1              unsigned char _i = 0;
  31   1              for(_i = 0;_i < count; _i++)
  32   1              {
  33   2                      BUZZ = 0;
  34   2                      delay_ms(20);
  35   2                      BUZZ = 1;
  36   2                      delay_ms(20);
  37   2              }
  38   1              BUZZ = 1;
  39   1      
  40   1      }
  41          //----------------------------------------
  42          //
  43          //----------------------------------------
  44          void Data_Strore(void)
  45          {
  46   1              if(ucStore_Warn >= 100)
  47   1              {
  48   2                      if(L1&&L3)
  49   2                      {
  50   3                              if((BACK)&&(AHEAD))
  51   3                              {
  52   4                                      if(uiStore_Buff != uiBack_Delay)
  53   4                              {
  54   5                                              WrB5045(SET_TRUE,SET_ADDR);
  55   5                                              RstWDT();
C51 COMPILER V7.50   INTERRUPT                                                             12/15/2008 12:20:03 PAGE 2   

  56   5                                              WDT_CLR();
  57   5                                              WrB5045((uiBack_Delay&0xff),SET_ADDR_L);
  58   5                                              RstWDT();
  59   5                                              WDT_CLR();
  60   5                                              WrB5045((uiBack_Delay>>8),SET_ADDR_H);
  61   5                                              RstWDT();
  62   5                                              WDT_CLR();
  63   5                                              ucStore_Warn = 0x00;
  64   5                                              bBuzz_On = TRUE;
  65   5                                              uiStore_Buff = uiBack_Delay;
  66   5                                          uiSet_Value = uiBack_Delay;
  67   5                                              ucBuzzCount = 3;
  68   5                                              Buzz_On(2);
  69   5                                      }
  70   4                              }
  71   3                              else
  72   3                              {
  73   4                                              BACK = OFF;
  74   4                                              AHEAD = OFF;
  75   4                              }
  76   3                      }
  77   2                      if(L1&&(!L3))
  78   2                      {
  79   3                              RstWDT();
  80   3                              WDT_CLR();
  81   3                              if(RdB5045(SET_ADDR) == SET_TRUE);
  82   3                              {
  83   4                                      RstWDT();
  84   4                                      WDT_CLR();
  85   4                                      WrB5045(0x00,SET_ADDR);
  86   4                                      BUZZ = 0;
  87   4                                      delay_ms(20);
  88   4                                      BUZZ = 1;
  89   4                                      delay_ms(20);
  90   4                                      BUZZ = 0;
  91   4                                      delay_ms(20);
  92   4                                      BUZZ = 1;
  93   4                                      uiSet_Value = B_VALUE;
  94   4                              }
  95   3                              
  96   3                              ucStore_Warn = 0x00;
  97   3                      }
  98   2                      
  99   2              }
 100   1      }
 101          //----------------------------------------
 102          //
 103          //----------------------------------------
 104          void Back_Motor(void)
 105          {
 106   1              WDT_CLR();
 107   1              RstWDT();
 108   1              if(uiBack_Delay < C_VALUE)
 109   1              {
 110   2                      if(!bFisrt_Init)
 111   2                      {
 112   3                              BACK = S1;
 113   3                              if(!S1)
 114   3                              {
 115   4                                      ucMsg = 0x00;
 116   4                                      uiBack_Delay++;
 117   4                                      AHEAD = OFF;
C51 COMPILER V7.50   INTERRUPT                                                             12/15/2008 12:20:03 PAGE 3   

 118   4                                      ucMotor_RuningMode = 0x55;      
 119   4                                      uiI1_MotorDelay = uiBack_Delay;
 120   4                              }
 121   3                      }
 122   2              }
 123   1              else
 124   1              {
 125   2                      BACK = OFF;
 126   2              }
 127   1              if(uiBack_Delay > 0)
 128   1              {
 129   2                      uiBack_Delay_Buff = 0x00;
 130   2                      if(L3)
 131   2                      {
 132   3                              ucSwitch_Mode = 0xaa;       //按键功能失效
 133   3                              AHEAD = S3;
 134   3                              if(!S3)
 135   3                              {
 136   4                                      ucMsg = 0x00;
 137   4                                      uiBack_Delay--;
 138   4                                      BACK = OFF;
 139   4                                      ucMotor_RuningMode = 0x55;
 140   4                                      uiI1_MotorDelay = uiBack_Delay;
 141   4                                                                              //bBack_Enable = FALSE;
 142   4                              }
 143   3      
 144   3                      }
 145   2                      else
 146   2                      {
 147   3                              AHEAD = OFF;
 148   3                              uiBack_Delay = 0x00;
 149   3                              if(S3)
 150   3                              {
 151   4                                      bMotor1_ON = TRUE;
 152   4                              }
 153   3                              if(bMotor1_ON)
 154   3                              {
 155   4                                      ucSwitch_Mode = 0x55;
 156   4                                      bMotor1_ON = FALSE;
 157   4                              }
 158   3                      }
 159   2                      
 160   2              }
 161   1              else
 162   1              {
 163   2                      if(L3)
 164   2                      {
 165   3                              AHEAD = S3;
 166   3                      }
 167   2                      else
 168   2                      {
 169   3                              AHEAD = OFF;
 170   3                              uiBack_Delay = 0x00;
 171   3                              if(S3)
 172   3                              {
 173   4                                      bMotor1_ON = TRUE;
 174   4                                      ucSwitch_Mode = 0x55;         //上升下降模式
 175   4                              }
 176   3                              if(bMotor1_ON)
 177   3                              {
 178   4                                      ucSwitch_Mode = 0x55;
 179   4                                      bMotor1_ON = FALSE;
C51 COMPILER V7.50   INTERRUPT                                                             12/15/2008 12:20:03 PAGE 4   

 180   4                              }
 181   3                      }
 182   2              }
 183   1              if(!S2)
 184   1              {
 185   2                      ucMsg = 0x00;
 186   2                      ucStore_Warn++;
 187   2              }
 188   1              else
 189   1              {
 190   2                      if((ucStore_Warn>1)&&(ucStore_Warn<50))
 191   2                      {
 192   3                              BACK = OFF;
 193   3                              AHEAD = OFF;
 194   3                      }
 195   2                      ucStore_Warn = 0x00;
 196   2              }
 197   1              if(!L3)
 198   1              {
 199   2                      if(S3)
 200   2                      {
 201   3                              ucSwitch_Mode = 0x55;
 202   3                      }
 203   2              }
 204   1      }
 205          //----------------------------------------
 206          //
 207          //----------------------------------------
 208          void timer0_isr(void) interrupt 1
 209          {
 210   1              TR0 = 0;
 211   1              TL0 = (RELOAD_VALUE&0x00ff);
 212   1              TH0 = ((RELOAD_VALUE>>8)&0x00ff);  //reload the count value
 213   1              TR0 = 1;
 214   1              RstWDT();
 215   1              WDT_CLR();
 216   1                              if(!K8)
 217   1                              {
 218   2                                      C6 = 0;
 219   2                              }
 220   1                              else
 221   1                              {
 222   2                                      if(!C7)
 223   2                                      {
 224   3                                              ucLEDMsg = C6NULL_MSG;
 225   3                                              if(bC6_CTRL) 
 226   3                                              {
 227   4                                                      if(ucC6_Enable == 0xaa)
 228   4                                                      {
 229   5                                                              ucC6_Enable = 0x55;
 230   5                                                      }
 231   4                                                      else
 232   4                                                      {
 233   5                                                              ucC6_Enable = 0xaa;
 234   5                                                      }
 235   4                                                      bC6_CTRL = 0;
 236   4                                              }
 237   3                                      }
 238   2                                      else
 239   2                                      {
 240   3                                              bC6_CTRL = 1;
 241   3                                              switch(ucLEDMsg)
C51 COMPILER V7.50   INTERRUPT                                                             12/15/2008 12:20:03 PAGE 5   

 242   3                                              {
 243   4                                                      case C6ON_MSG:
 244   4                                                              C6 = 0;
 245   4                                                              //ucMsg = C6NULL_MSG;
 246   4                                                              break;
 247   4                                                      case C6OFF_MSG:
 248   4                                                              C6 = 1;
 249   4                                                              //ucMsg = C6NULL_MSG;
 250   4                                                              break;
 251   4                                                      default:
 252   4                                                              if(ucC6_Enable == 0xaa)
 253   4                                                              {
 254   5                                                                      C6 = 0;
 255   5                                                              }
 256   4                                                              else
 257   4                                                              {
 258   5                                                                      C6 = 1;
 259   5                                                              }
 260   4                                                              break;
 261   4                                              }
 262   3                                      }
 263   2                              }
 264   1              if(I1&&I2)
 265   1              {
 266   2                              bJump_Lock = TRUE;
 267   2                              if((L1)&&(L2))                  
 268   2                              {
 269   3                                      if(!(--ucBuzz_Delay))
 270   3                                      {
 271   4                                              BUZZ = ~BUZZ;
 272   4                                              ucBuzz_Delay = BUZZ_TIMER;
 273   4                                      }
 274   3      
 275   3                              }                        // 如果线断开了
 276   2                              if(L1)
 277   2                              {
 278   3                                      if(bBack_Enable)
 279   3                                      {
 280   4                                              //ucMsg = 0x00;
 281   4                                              ucSwitch_Mode = 0xaa;
 282   4                                              if((!S1)||(!S2)||(!S3))
 283   4                                              {
 284   5                                                      bBack_Enable = FALSE;
 285   5                                                      ucMsg = 0x00;
 286   5                                              }
 287   4                                              if(ucMotor_RuningMode == 0xaa)
 288   4                                              {
 289   5                                                      if(!bFisrt_Init)
 290   5                                                      {
 291   6                                                              BACK = ON;
 292   6                                                      }
 293   5                                                      uiBack_Delay++;
 294   5                                                      if(uiBack_Delay == uiSet_Value)
 295   5                                                      {
 296   6                                                              bBack_Enable = FALSE;           //back motor 
 297   6                                                              BACK = OFF;
 298   6                                                              ucMotor_RuningMode = 0x55;
 299   6                                                              
 300   6                                                      }
 301   5                                                      uiI1_MotorDelay = uiBack_Delay;
 302   5                                              }
 303   4                                              else
C51 COMPILER V7.50   INTERRUPT                                                             12/15/2008 12:20:03 PAGE 6   

 304   4                                              {
 305   5                                                      bBack_Enable = FALSE;
 306   5                                              }
 307   4                                      }
 308   3                                      else
 309   3                                      {
 310   4                                              
 311   4                                              //ucSwitch_Mode = 0xaa;
 312   4                                              Back_Motor();
 313   4                                      }
 314   3                                      
 315   3                               }
 316   2                              else
 317   2                              {
 318   3                                      uiBack_Delay = 0x00;
 319   3                                      BACK = OFF;
 320   3                                      AHEAD = OFF;
 321   3                                      ucMotor_RuningMode = 0x55;
 322   3                                      bBack_Enable = TRUE;                   //enable the back motor when the L1 if low
 323   3                              }
 324   2                              
 325   2              }
 326   1              else
 327   1              {
 328   2                      ucMsg = 0x00;
 329   2                              
 330   2                      if(bJump_Lock)
 331   2                      {
 332   3                              ucKey_Status = SHOCK_ON;
 333   3                              if(!bMotor_Reverse)
 334   3                              {
 335   4                                              
 336   4                                              if(!I1)
 337   4                                              {
 338   5                                                      I1_enable();
 339   5                                              }
 340   4                                              else
 341   4                                              {
 342   5                                                      I2_enable();
 343   5                                              }
 344   4                              }
 345   3                      }
 346   2                      else
 347   2                      {
 348   3                              if(ucKey_Status == 0x02)
 349   3                              {
 350   4                                      motor_close();
 351   4                              }
 352   3                      }
 353   2              }
 354   1              if(!L4)
 355   1              {
 356   2                              bMotor_Reverse = TRUE;
 357   2                              bJump_Lock = FALSE;
 358   2              }
 359   1                      if(bMotor_Reverse)
 360   1                      {
 361   2                              if(ucMotor_Delay == 0x00)
 362   2                              {
 363   3                                      switch(ucKey_Status)
 364   3                                      {
 365   4                                              case 0x01:  
C51 COMPILER V7.50   INTERRUPT                                                             12/15/2008 12:20:03 PAGE 7   

 366   4                                                              ucKey_Status = 0x03;              //反转
 367   4                                                              motor_fall();
 368   4                                                              Buzz_On(3);
 369   4                                                              break;
 370   4                                                      case 0x02: 
 371   4                                                              //motor_close();
 372   4                                                              break;
 373   4                                                      case 0x03: 
 374   4                                                                      ucKey_Status = 0x01;             //反转
 375   4                                                                      motor_rise();
 376   4                                                                      Buzz_On(3);
 377   4                                                                      break;
 378   4                                                      case 0x00:  
 379   4                                                                      switch(ucMsg)
 380   4                                                                      {
 381   5                                                                              case RISE_MSG:
 382   5                                                                                      ucMsg = FALL_MSG;
 383   5                                                                                      Buzz_On(3);
 384   5                                                                                      break;
 385   5                                                                              case STOP_MSG:
 386   5                                                                                      break;
 387   5                                                                              case FALL_MSG:
 388   5                                                                                      ucMsg = RISE_MSG;
 389   5                                                                                      Buzz_On(3);
 390   5                                                                                      break;
 391   5                                                                              default :
 392   5                                                                                      break;
 393   5                                                                      }
 394   4                                                                      break;
 395   4                                                      case SHOCK_ON:
 396   4                                                                      if(!I1)
 397   4                                                                      {
 398   5                                                                              ucMsg = FALL_MSG;
 399   5                                                                              Buzz_On(3);
 400   5                                                                      }
 401   4                                                                      else
 402   4                                                                      {
 403   5                                                                              if(!I2)
 404   5                                                                              {
 405   6                                                                                      ucMsg = RISE_MSG;
 406   6                                                                                      Buzz_On(3);
 407   6                                                                              }
 408   5                                                                              else
 409   5                                                                              {
 410   6                                                                                      ucMsg = STOP_MSG;
 411   6                                                                              }
 412   5                                                                      }
 413   4                                                                      break;
 414   4                                                      default: 
 415   4                                                                      break;
 416   4                                              }
 417   3                                                      ucMotor_Delay = MOTOR_DELAY;
 418   3                                                      bMotor_Run = TRUE;
 419   3                                      }
 420   2                                      else
 421   2                                      {
 422   3                                              if(L1||L2)
 423   3                                              {
 424   4                                                      if(S1&&S3)
 425   4                                                      {
 426   5                                                              bMotor_Reverse = FALSE;
 427   5                                                      }
C51 COMPILER V7.50   INTERRUPT                                                             12/15/2008 12:20:03 PAGE 8   

 428   4                                                      ucKey_Status = 0x02;
 429   4                                                      bMotor_Run = FALSE;
 430   4                                                      ucMsg = STOP_MSG;
 431   4                                                      ucMotor_Delay = 0x00;
 432   4                                              }
 433   3                                              else
 434   3                                              {
 435   4                                                      ucMotor_Delay--;
 436   4                                              }
 437   3                                              bJump_Lock = FALSE;
 438   3                                              if((ucMotor_Delay == 0x00)&&bMotor_Run)
 439   3                                              {
 440   4                                                      if(S1&&S3)
 441   4                                                      {
 442   5                                                              bMotor_Reverse = FALSE;
 443   5                                                      }
 444   4                                                      ucKey_Status = 0x02;
 445   4                                                      bMotor_Run = FALSE;
 446   4                                                      ucMsg = STOP_MSG;
 447   4                                              }                                
 448   3                                      }
 449   2              }
 450   1              Msg_deal();
 451   1              
 452   1              
 453   1      }
 454          


MODULE INFORMATION:   STATIC OVERLAYABLE
   CODE SIZE        =    845    ----
   CONSTANT SIZE    =   ----    ----
   XDATA SIZE       =   ----    ----
   PDATA SIZE       =   ----    ----
   DATA SIZE        =     13       2
   IDATA SIZE       =   ----    ----
   BIT SIZE         =      6    ----
END OF MODULE INFORMATION.


C51 COMPILATION COMPLETE.  0 WARNING(S),  0 ERROR(S)
