C51 COMPILER V7.50   KEY                                                                   12/15/2008 12:20:01 PAGE 1   


C51 COMPILER V7.50, COMPILATION OF MODULE KEY
OBJECT MODULE PLACED IN key.OBJ
COMPILER INVOKED BY: C:\Keil\C51\BIN\C51.EXE key.c BROWSE DEBUG OBJECTEXTEND

line level    source

   1          #include"SST89x5x4.h"
   2          #include "main.h"
   3          #include "key.h"
   4          #include "init.h"
   5          #include "X5045.h"
   6          
   7          //--------------------------------------------------------------
   8          //
   9          //延时
  10          //------------------------------------------------------------
  11          void delay_ms(unsigned int i)
  12          {
  13   1              unsigned int j;
  14   1              unsigned int k;
  15   1              for(k = 0;k < i; k++)
  16   1              {
  17   2                      //RstWDT();
  18   2                      WDT_CLR();
  19   2                      for(j = 0;j <250;j++) RstWDT();
  20   2              }
  21   1      }
  22          //--------------------------------------------------------------
  23          //
  24          //获取按键
  25          //------------------------------------------------------------
  26          void GetKey_Status(void)
  27          {
  28   1              if(!S1)
  29   1              {
  30   2                      delay_ms(2);
  31   2                      if(!S1)
  32   2                      {
  33   3                              ucKey_Status = S1_ON;
  34   3                      }
  35   2              }
  36   1                      if(!S2)
  37   1              {
  38   2                      delay_ms(2);
  39   2                      if(!S2)
  40   2                      {
  41   3                              ucKey_Status = S2_ON;
  42   3                      }
  43   2              }
  44   1                      if(!S3)
  45   1                      {
  46   2                              delay_ms(2);
  47   2                              if(!S3)
  48   2                              {
  49   3                                      ucKey_Status = S3_ON;
  50   3                              }
  51   2              }
  52   1      }


MODULE INFORMATION:   STATIC OVERLAYABLE
C51 COMPILER V7.50   KEY                                                                   12/15/2008 12:20:01 PAGE 2   

   CODE SIZE        =    100    ----
   CONSTANT SIZE    =   ----    ----
   XDATA SIZE       =   ----    ----
   PDATA SIZE       =   ----    ----
   DATA SIZE        =   ----       6
   IDATA SIZE       =   ----    ----
   BIT SIZE         =   ----    ----
END OF MODULE INFORMATION.


C51 COMPILATION COMPLETE.  0 WARNING(S),  0 ERROR(S)
